<?xml version="1.0" encoding="UTF-8"?>
<!-- Generated by org.testng.reporters.JUnitReportReporter -->
<testsuite name="com.epam.YandexTest" tests="3" time="7.255" ignored="0" failures="0" timestamp="21 Mar 2017 08:28:50 GMT" skipped="0" hostname="EPBYMINW5402" errors="0">
  <testcase name="assertOneCanOpenMainPage" time="1.489" classname="com.epam.YandexTest"/>
  <testcase name="assertOneCanSingIn" time="3.152" classname="com.epam.YandexTest"/>
  <testcase name="assertOneCanTakeCorrectSearchResult" time="2.614" classname="com.epam.YandexTest"/>
</testsuite> <!-- com.epam.YandexTest -->
